{"D:\\GitHub\\@saeris\\graphql-scalars\\src\\dateTime.js": {"path":"D:\\GitHub\\@saeris\\graphql-scalars\\src\\dateTime.js","statementMap":{"0":{"start":{"line":6,"column":17},"end":{"line":9,"column":1}},"1":{"start":{"line":7,"column":2},"end":{"line":7,"column":91}},"2":{"start":{"line":8,"column":2},"end":{"line":8,"column":14}},"3":{"start":{"line":11,"column":30},"end":{"line":11,"column":47}},"4":{"start":{"line":13,"column":24},"end":{"line":45,"column":2}},"5":{"start":{"line":19,"column":17},"end":{"line":19,"column":82}},"6":{"start":{"line":21,"column":4},"end":{"line":21,"column":18}},"7":{"start":{"line":23,"column":4},"end":{"line":23,"column":24}},"8":{"start":{"line":27,"column":17},"end":{"line":27,"column":32}},"9":{"start":{"line":29,"column":4},"end":{"line":29,"column":25}},"10":{"start":{"line":33,"column":4},"end":{"line":35,"column":5}},"11":{"start":{"line":34,"column":6},"end":{"line":34,"column":82}},"12":{"start":{"line":37,"column":17},"end":{"line":37,"column":32}},"13":{"start":{"line":39,"column":4},"end":{"line":41,"column":5}},"14":{"start":{"line":40,"column":6},"end":{"line":40,"column":101}},"15":{"start":{"line":43,"column":4},"end":{"line":43,"column":25}}},"fnMap":{"0":{"name":"(anonymous_0)","decl":{"start":{"line":6,"column":17},"end":{"line":6,"column":18}},"loc":{"start":{"line":6,"column":26},"end":{"line":9,"column":1}},"line":6}},"branchMap":{"0":{"loc":{"start":{"line":19,"column":17},"end":{"line":19,"column":82}},"type":"cond-expr","locations":[{"start":{"line":19,"column":47},"end":{"line":19,"column":74}},{"start":{"line":19,"column":77},"end":{"line":19,"column":82}}],"line":19},"1":{"loc":{"start":{"line":33,"column":4},"end":{"line":35,"column":5}},"type":"if","locations":[{"start":{"line":33,"column":4},"end":{"line":35,"column":5}},{"start":{"line":33,"column":4},"end":{"line":35,"column":5}}],"line":33},"2":{"loc":{"start":{"line":39,"column":4},"end":{"line":41,"column":5}},"type":"if","locations":[{"start":{"line":39,"column":4},"end":{"line":41,"column":5}},{"start":{"line":39,"column":4},"end":{"line":41,"column":5}}],"line":39}},"s":{"0":15,"1":6,"2":4,"3":15,"4":15,"5":3,"6":3,"7":2,"8":2,"9":2,"10":3,"11":1,"12":2,"13":2,"14":1,"15":1},"f":{"0":6},"b":{"0":[2,1],"1":[1,2],"2":[1,1]},"_coverageSchema":"332fd63041d2c1bcb487cc26dd0d5f7d97098a6c","hash":"e051582ed07750ce8ffecb0e503da102849f811f"}
,"D:\\GitHub\\@saeris\\graphql-scalars\\src\\emailAddress.js": {"path":"D:\\GitHub\\@saeris\\graphql-scalars\\src\\emailAddress.js","statementMap":{"0":{"start":{"line":6,"column":17},"end":{"line":10,"column":1}},"1":{"start":{"line":7,"column":2},"end":{"line":7,"column":81}},"2":{"start":{"line":8,"column":2},"end":{"line":8,"column":104}},"3":{"start":{"line":9,"column":2},"end":{"line":9,"column":14}},"4":{"start":{"line":12,"column":34},"end":{"line":12,"column":55}},"5":{"start":{"line":14,"column":28},"end":{"line":34,"column":2}},"6":{"start":{"line":20,"column":4},"end":{"line":20,"column":26}},"7":{"start":{"line":24,"column":4},"end":{"line":24,"column":26}},"8":{"start":{"line":28,"column":4},"end":{"line":30,"column":5}},"9":{"start":{"line":29,"column":6},"end":{"line":29,"column":95}},"10":{"start":{"line":32,"column":4},"end":{"line":32,"column":26}}},"fnMap":{"0":{"name":"(anonymous_0)","decl":{"start":{"line":6,"column":17},"end":{"line":6,"column":18}},"loc":{"start":{"line":6,"column":26},"end":{"line":10,"column":1}},"line":6}},"branchMap":{"0":{"loc":{"start":{"line":28,"column":4},"end":{"line":30,"column":5}},"type":"if","locations":[{"start":{"line":28,"column":4},"end":{"line":30,"column":5}},{"start":{"line":28,"column":4},"end":{"line":30,"column":5}}],"line":28}},"s":{"0":15,"1":8,"2":6,"3":3,"4":15,"5":15,"6":3,"7":3,"8":3,"9":1,"10":2},"f":{"0":8},"b":{"0":[1,2]},"_coverageSchema":"332fd63041d2c1bcb487cc26dd0d5f7d97098a6c","hash":"7d3bbdafcd079a56b172681bd7502b469c8201de"}
,"D:\\GitHub\\@saeris\\graphql-scalars\\src\\index.js": {"path":"D:\\GitHub\\@saeris\\graphql-scalars\\src\\index.js","statementMap":{},"fnMap":{},"branchMap":{},"s":{},"f":{},"b":{},"_coverageSchema":"332fd63041d2c1bcb487cc26dd0d5f7d97098a6c","hash":"fa05b2a1f901b5fe4c677b6a5c689d868d34bb9d"}
,"D:\\GitHub\\@saeris\\graphql-scalars\\src\\negativeFloat.js": {"path":"D:\\GitHub\\@saeris\\graphql-scalars\\src\\negativeFloat.js","statementMap":{"0":{"start":{"line":6,"column":17},"end":{"line":13,"column":1}},"1":{"start":{"line":7,"column":2},"end":{"line":7,"column":116}},"2":{"start":{"line":8,"column":2},"end":{"line":8,"column":94}},"3":{"start":{"line":9,"column":17},"end":{"line":9,"column":34}},"4":{"start":{"line":10,"column":2},"end":{"line":10,"column":105}},"5":{"start":{"line":11,"column":2},"end":{"line":11,"column":96}},"6":{"start":{"line":12,"column":2},"end":{"line":12,"column":15}},"7":{"start":{"line":15,"column":35},"end":{"line":15,"column":57}},"8":{"start":{"line":17,"column":29},"end":{"line":39,"column":2}},"9":{"start":{"line":23,"column":4},"end":{"line":23,"column":26}},"10":{"start":{"line":27,"column":4},"end":{"line":27,"column":26}},"11":{"start":{"line":31,"column":4},"end":{"line":35,"column":5}},"12":{"start":{"line":32,"column":6},"end":{"line":34,"column":7}},"13":{"start":{"line":37,"column":4},"end":{"line":37,"column":26}}},"fnMap":{"0":{"name":"(anonymous_0)","decl":{"start":{"line":6,"column":17},"end":{"line":6,"column":18}},"loc":{"start":{"line":6,"column":26},"end":{"line":13,"column":1}},"line":6}},"branchMap":{"0":{"loc":{"start":{"line":31,"column":4},"end":{"line":35,"column":5}},"type":"if","locations":[{"start":{"line":31,"column":4},"end":{"line":35,"column":5}},{"start":{"line":31,"column":4},"end":{"line":35,"column":5}}],"line":31}},"s":{"0":15,"1":29,"2":26,"3":18,"4":18,"5":6,"6":6,"7":15,"8":15,"9":11,"10":9,"11":11,"12":2,"13":9},"f":{"0":29},"b":{"0":[2,9]},"_coverageSchema":"332fd63041d2c1bcb487cc26dd0d5f7d97098a6c","hash":"bbe255cf1462fdea71fba5c8fa5b318f43f3d61e"}
,"D:\\GitHub\\@saeris\\graphql-scalars\\src\\negativeInt.js": {"path":"D:\\GitHub\\@saeris\\graphql-scalars\\src\\negativeInt.js","statementMap":{"0":{"start":{"line":6,"column":17},"end":{"line":15,"column":1}},"1":{"start":{"line":7,"column":2},"end":{"line":7,"column":116}},"2":{"start":{"line":8,"column":2},"end":{"line":8,"column":94}},"3":{"start":{"line":9,"column":17},"end":{"line":9,"column":36}},"4":{"start":{"line":10,"column":2},"end":{"line":10,"column":101}},"5":{"start":{"line":11,"column":2},"end":{"line":11,"column":97}},"6":{"start":{"line":12,"column":2},"end":{"line":12,"column":105}},"7":{"start":{"line":13,"column":2},"end":{"line":13,"column":96}},"8":{"start":{"line":14,"column":2},"end":{"line":14,"column":15}},"9":{"start":{"line":17,"column":33},"end":{"line":17,"column":53}},"10":{"start":{"line":19,"column":27},"end":{"line":39,"column":2}},"11":{"start":{"line":25,"column":4},"end":{"line":25,"column":26}},"12":{"start":{"line":29,"column":4},"end":{"line":29,"column":26}},"13":{"start":{"line":33,"column":4},"end":{"line":35,"column":5}},"14":{"start":{"line":34,"column":6},"end":{"line":34,"column":98}},"15":{"start":{"line":37,"column":4},"end":{"line":37,"column":26}}},"fnMap":{"0":{"name":"(anonymous_0)","decl":{"start":{"line":6,"column":17},"end":{"line":6,"column":18}},"loc":{"start":{"line":6,"column":26},"end":{"line":15,"column":1}},"line":6}},"branchMap":{"0":{"loc":{"start":{"line":33,"column":4},"end":{"line":35,"column":5}},"type":"if","locations":[{"start":{"line":33,"column":4},"end":{"line":35,"column":5}},{"start":{"line":33,"column":4},"end":{"line":35,"column":5}}],"line":33}},"s":{"0":15,"1":32,"2":29,"3":21,"4":21,"5":18,"6":18,"7":6,"8":6,"9":15,"10":15,"11":12,"12":10,"13":12,"14":2,"15":10},"f":{"0":32},"b":{"0":[2,10]},"_coverageSchema":"332fd63041d2c1bcb487cc26dd0d5f7d97098a6c","hash":"7f4a9c0800a891569e175c832db5eb2eb44d9199"}
,"D:\\GitHub\\@saeris\\graphql-scalars\\src\\nonPositiveFloat.js": {"path":"D:\\GitHub\\@saeris\\graphql-scalars\\src\\nonPositiveFloat.js","statementMap":{"0":{"start":{"line":6,"column":17},"end":{"line":13,"column":1}},"1":{"start":{"line":7,"column":2},"end":{"line":7,"column":116}},"2":{"start":{"line":8,"column":2},"end":{"line":8,"column":94}},"3":{"start":{"line":9,"column":17},"end":{"line":9,"column":34}},"4":{"start":{"line":10,"column":2},"end":{"line":10,"column":105}},"5":{"start":{"line":11,"column":2},"end":{"line":11,"column":114}},"6":{"start":{"line":12,"column":2},"end":{"line":12,"column":15}},"7":{"start":{"line":15,"column":38},"end":{"line":15,"column":63}},"8":{"start":{"line":17,"column":32},"end":{"line":39,"column":2}},"9":{"start":{"line":23,"column":4},"end":{"line":23,"column":26}},"10":{"start":{"line":27,"column":4},"end":{"line":27,"column":26}},"11":{"start":{"line":31,"column":4},"end":{"line":35,"column":5}},"12":{"start":{"line":32,"column":6},"end":{"line":34,"column":7}},"13":{"start":{"line":37,"column":4},"end":{"line":37,"column":26}}},"fnMap":{"0":{"name":"(anonymous_0)","decl":{"start":{"line":6,"column":17},"end":{"line":6,"column":18}},"loc":{"start":{"line":6,"column":26},"end":{"line":13,"column":1}},"line":6}},"branchMap":{"0":{"loc":{"start":{"line":31,"column":4},"end":{"line":35,"column":5}},"type":"if","locations":[{"start":{"line":31,"column":4},"end":{"line":35,"column":5}},{"start":{"line":31,"column":4},"end":{"line":35,"column":5}}],"line":31}},"s":{"0":15,"1":29,"2":26,"3":18,"4":18,"5":12,"6":12,"7":15,"8":15,"9":11,"10":9,"11":11,"12":2,"13":9},"f":{"0":29},"b":{"0":[2,9]},"_coverageSchema":"332fd63041d2c1bcb487cc26dd0d5f7d97098a6c","hash":"45fc993cb215f4f9717d9d8676aced4ce0666c3f"}
,"D:\\GitHub\\@saeris\\graphql-scalars\\src\\nonPositiveInt.js": {"path":"D:\\GitHub\\@saeris\\graphql-scalars\\src\\nonPositiveInt.js","statementMap":{"0":{"start":{"line":6,"column":17},"end":{"line":15,"column":1}},"1":{"start":{"line":7,"column":2},"end":{"line":7,"column":116}},"2":{"start":{"line":8,"column":2},"end":{"line":8,"column":94}},"3":{"start":{"line":9,"column":17},"end":{"line":9,"column":36}},"4":{"start":{"line":10,"column":2},"end":{"line":10,"column":101}},"5":{"start":{"line":11,"column":2},"end":{"line":11,"column":97}},"6":{"start":{"line":12,"column":2},"end":{"line":12,"column":105}},"7":{"start":{"line":13,"column":2},"end":{"line":13,"column":114}},"8":{"start":{"line":14,"column":2},"end":{"line":14,"column":15}},"9":{"start":{"line":17,"column":36},"end":{"line":17,"column":59}},"10":{"start":{"line":19,"column":30},"end":{"line":39,"column":2}},"11":{"start":{"line":25,"column":4},"end":{"line":25,"column":26}},"12":{"start":{"line":29,"column":4},"end":{"line":29,"column":26}},"13":{"start":{"line":33,"column":4},"end":{"line":35,"column":5}},"14":{"start":{"line":34,"column":6},"end":{"line":34,"column":102}},"15":{"start":{"line":37,"column":4},"end":{"line":37,"column":26}}},"fnMap":{"0":{"name":"(anonymous_0)","decl":{"start":{"line":6,"column":17},"end":{"line":6,"column":18}},"loc":{"start":{"line":6,"column":26},"end":{"line":15,"column":1}},"line":6}},"branchMap":{"0":{"loc":{"start":{"line":33,"column":4},"end":{"line":35,"column":5}},"type":"if","locations":[{"start":{"line":33,"column":4},"end":{"line":35,"column":5}},{"start":{"line":33,"column":4},"end":{"line":35,"column":5}}],"line":33}},"s":{"0":15,"1":32,"2":29,"3":21,"4":21,"5":18,"6":18,"7":12,"8":12,"9":15,"10":15,"11":12,"12":10,"13":12,"14":2,"15":10},"f":{"0":32},"b":{"0":[2,10]},"_coverageSchema":"332fd63041d2c1bcb487cc26dd0d5f7d97098a6c","hash":"c92f9b58acb2d5df825ef06fca48b702afd55ed2"}
,"D:\\GitHub\\@saeris\\graphql-scalars\\src\\phoneNumber.js": {"path":"D:\\GitHub\\@saeris\\graphql-scalars\\src\\phoneNumber.js","statementMap":{"0":{"start":{"line":6,"column":17},"end":{"line":10,"column":1}},"1":{"start":{"line":7,"column":2},"end":{"line":7,"column":81}},"2":{"start":{"line":8,"column":2},"end":{"line":8,"column":158}},"3":{"start":{"line":9,"column":2},"end":{"line":9,"column":14}},"4":{"start":{"line":12,"column":33},"end":{"line":12,"column":53}},"5":{"start":{"line":14,"column":27},"end":{"line":34,"column":2}},"6":{"start":{"line":20,"column":4},"end":{"line":20,"column":26}},"7":{"start":{"line":24,"column":4},"end":{"line":24,"column":26}},"8":{"start":{"line":28,"column":4},"end":{"line":30,"column":5}},"9":{"start":{"line":29,"column":6},"end":{"line":29,"column":93}},"10":{"start":{"line":32,"column":4},"end":{"line":32,"column":26}}},"fnMap":{"0":{"name":"(anonymous_0)","decl":{"start":{"line":6,"column":17},"end":{"line":6,"column":18}},"loc":{"start":{"line":6,"column":26},"end":{"line":10,"column":1}},"line":6}},"branchMap":{"0":{"loc":{"start":{"line":28,"column":4},"end":{"line":30,"column":5}},"type":"if","locations":[{"start":{"line":28,"column":4},"end":{"line":30,"column":5}},{"start":{"line":28,"column":4},"end":{"line":30,"column":5}}],"line":28}},"s":{"0":15,"1":17,"2":15,"3":3,"4":15,"5":15,"6":6,"7":6,"8":6,"9":1,"10":5},"f":{"0":17},"b":{"0":[1,5]},"_coverageSchema":"332fd63041d2c1bcb487cc26dd0d5f7d97098a6c","hash":"428d10ab4e91e3768ca47f3f2dc3135a68349115"}
,"D:\\GitHub\\@saeris\\graphql-scalars\\src\\positiveFloat.js": {"path":"D:\\GitHub\\@saeris\\graphql-scalars\\src\\positiveFloat.js","statementMap":{"0":{"start":{"line":6,"column":17},"end":{"line":13,"column":1}},"1":{"start":{"line":7,"column":2},"end":{"line":7,"column":116}},"2":{"start":{"line":8,"column":2},"end":{"line":8,"column":94}},"3":{"start":{"line":9,"column":17},"end":{"line":9,"column":34}},"4":{"start":{"line":10,"column":2},"end":{"line":10,"column":105}},"5":{"start":{"line":11,"column":2},"end":{"line":11,"column":102}},"6":{"start":{"line":12,"column":2},"end":{"line":12,"column":15}},"7":{"start":{"line":15,"column":35},"end":{"line":15,"column":57}},"8":{"start":{"line":17,"column":29},"end":{"line":39,"column":2}},"9":{"start":{"line":23,"column":4},"end":{"line":23,"column":26}},"10":{"start":{"line":27,"column":4},"end":{"line":27,"column":26}},"11":{"start":{"line":31,"column":4},"end":{"line":35,"column":5}},"12":{"start":{"line":32,"column":6},"end":{"line":34,"column":7}},"13":{"start":{"line":37,"column":4},"end":{"line":37,"column":26}}},"fnMap":{"0":{"name":"(anonymous_0)","decl":{"start":{"line":6,"column":17},"end":{"line":6,"column":18}},"loc":{"start":{"line":6,"column":26},"end":{"line":13,"column":1}},"line":6}},"branchMap":{"0":{"loc":{"start":{"line":31,"column":4},"end":{"line":35,"column":5}},"type":"if","locations":[{"start":{"line":31,"column":4},"end":{"line":35,"column":5}},{"start":{"line":31,"column":4},"end":{"line":35,"column":5}}],"line":31}},"s":{"0":15,"1":29,"2":26,"3":18,"4":18,"5":6,"6":6,"7":15,"8":15,"9":11,"10":9,"11":11,"12":2,"13":9},"f":{"0":29},"b":{"0":[2,9]},"_coverageSchema":"332fd63041d2c1bcb487cc26dd0d5f7d97098a6c","hash":"e1fedc6d79563c23c6e1869449696079afd98aad"}
,"D:\\GitHub\\@saeris\\graphql-scalars\\src\\positiveInt.js": {"path":"D:\\GitHub\\@saeris\\graphql-scalars\\src\\positiveInt.js","statementMap":{"0":{"start":{"line":6,"column":17},"end":{"line":15,"column":1}},"1":{"start":{"line":7,"column":2},"end":{"line":7,"column":116}},"2":{"start":{"line":8,"column":2},"end":{"line":8,"column":94}},"3":{"start":{"line":9,"column":17},"end":{"line":9,"column":36}},"4":{"start":{"line":10,"column":2},"end":{"line":10,"column":101}},"5":{"start":{"line":11,"column":2},"end":{"line":11,"column":97}},"6":{"start":{"line":12,"column":2},"end":{"line":12,"column":105}},"7":{"start":{"line":13,"column":2},"end":{"line":13,"column":102}},"8":{"start":{"line":14,"column":2},"end":{"line":14,"column":15}},"9":{"start":{"line":17,"column":33},"end":{"line":17,"column":53}},"10":{"start":{"line":19,"column":27},"end":{"line":39,"column":2}},"11":{"start":{"line":25,"column":4},"end":{"line":25,"column":26}},"12":{"start":{"line":29,"column":4},"end":{"line":29,"column":26}},"13":{"start":{"line":33,"column":4},"end":{"line":35,"column":5}},"14":{"start":{"line":34,"column":6},"end":{"line":34,"column":98}},"15":{"start":{"line":37,"column":4},"end":{"line":37,"column":26}}},"fnMap":{"0":{"name":"(anonymous_0)","decl":{"start":{"line":6,"column":17},"end":{"line":6,"column":18}},"loc":{"start":{"line":6,"column":26},"end":{"line":15,"column":1}},"line":6}},"branchMap":{"0":{"loc":{"start":{"line":33,"column":4},"end":{"line":35,"column":5}},"type":"if","locations":[{"start":{"line":33,"column":4},"end":{"line":35,"column":5}},{"start":{"line":33,"column":4},"end":{"line":35,"column":5}}],"line":33}},"s":{"0":15,"1":32,"2":29,"3":21,"4":21,"5":18,"6":18,"7":6,"8":6,"9":15,"10":15,"11":12,"12":10,"13":12,"14":2,"15":10},"f":{"0":32},"b":{"0":[2,10]},"_coverageSchema":"332fd63041d2c1bcb487cc26dd0d5f7d97098a6c","hash":"8a26da63b650e3ed63b8f46d903fb38a4911be57"}
,"D:\\GitHub\\@saeris\\graphql-scalars\\src\\postalCode.js": {"path":"D:\\GitHub\\@saeris\\graphql-scalars\\src\\postalCode.js","statementMap":{"0":{"start":{"line":7,"column":12},"end":{"line":7,"column":41}},"1":{"start":{"line":9,"column":18},"end":{"line":9,"column":96}},"2":{"start":{"line":11,"column":17},"end":{"line":15,"column":1}},"3":{"start":{"line":12,"column":2},"end":{"line":12,"column":81}},"4":{"start":{"line":13,"column":2},"end":{"line":13,"column":145}},"5":{"start":{"line":13,"column":49},"end":{"line":13,"column":81}},"6":{"start":{"line":14,"column":2},"end":{"line":14,"column":14}},"7":{"start":{"line":17,"column":32},"end":{"line":17,"column":51}},"8":{"start":{"line":19,"column":26},"end":{"line":39,"column":2}},"9":{"start":{"line":25,"column":4},"end":{"line":25,"column":26}},"10":{"start":{"line":29,"column":4},"end":{"line":29,"column":26}},"11":{"start":{"line":33,"column":4},"end":{"line":35,"column":5}},"12":{"start":{"line":34,"column":6},"end":{"line":34,"column":93}},"13":{"start":{"line":37,"column":4},"end":{"line":37,"column":26}}},"fnMap":{"0":{"name":"(anonymous_0)","decl":{"start":{"line":11,"column":17},"end":{"line":11,"column":18}},"loc":{"start":{"line":11,"column":26},"end":{"line":15,"column":1}},"line":11},"1":{"name":"(anonymous_1)","decl":{"start":{"line":13,"column":38},"end":{"line":13,"column":39}},"loc":{"start":{"line":13,"column":49},"end":{"line":13,"column":81}},"line":13}},"branchMap":{"0":{"loc":{"start":{"line":33,"column":4},"end":{"line":35,"column":5}},"type":"if","locations":[{"start":{"line":33,"column":4},"end":{"line":35,"column":5}},{"start":{"line":33,"column":4},"end":{"line":35,"column":5}}],"line":33}},"s":{"0":15,"1":15,"2":15,"3":47,"4":45,"5":585,"6":42,"7":15,"8":15,"9":16,"10":16,"11":16,"12":1,"13":15},"f":{"0":47,"1":585},"b":{"0":[1,15]},"_coverageSchema":"332fd63041d2c1bcb487cc26dd0d5f7d97098a6c","hash":"08b5b1d87f61639091c946ba7b229bcc1c1688f4"}
,"D:\\GitHub\\@saeris\\graphql-scalars\\src\\regularExpression.js": {"path":"D:\\GitHub\\@saeris\\graphql-scalars\\src\\regularExpression.js","statementMap":{"0":{"start":{"line":6,"column":40},"end":{"line":37,"column":1}},"1":{"start":{"line":7,"column":19},"end":{"line":11,"column":3}},"2":{"start":{"line":8,"column":4},"end":{"line":8,"column":83}},"3":{"start":{"line":9,"column":4},"end":{"line":9,"column":151}},"4":{"start":{"line":10,"column":4},"end":{"line":10,"column":16}},"5":{"start":{"line":13,"column":2},"end":{"line":36,"column":3}},"6":{"start":{"line":21,"column":8},"end":{"line":21,"column":30}},"7":{"start":{"line":25,"column":8},"end":{"line":25,"column":30}},"8":{"start":{"line":29,"column":8},"end":{"line":31,"column":9}},"9":{"start":{"line":30,"column":10},"end":{"line":30,"column":103}},"10":{"start":{"line":33,"column":8},"end":{"line":33,"column":30}}},"fnMap":{"0":{"name":"(anonymous_0)","decl":{"start":{"line":6,"column":40},"end":{"line":6,"column":41}},"loc":{"start":{"line":6,"column":57},"end":{"line":37,"column":1}},"line":6},"1":{"name":"(anonymous_1)","decl":{"start":{"line":7,"column":19},"end":{"line":7,"column":20}},"loc":{"start":{"line":7,"column":28},"end":{"line":11,"column":3}},"line":7}},"branchMap":{"0":{"loc":{"start":{"line":29,"column":8},"end":{"line":31,"column":9}},"type":"if","locations":[{"start":{"line":29,"column":8},"end":{"line":31,"column":9}},{"start":{"line":29,"column":8},"end":{"line":31,"column":9}}],"line":29}},"s":{"0":15,"1":1,"2":8,"3":6,"4":3,"5":1,"6":3,"7":3,"8":3,"9":1,"10":2},"f":{"0":1,"1":8},"b":{"0":[1,2]},"_coverageSchema":"332fd63041d2c1bcb487cc26dd0d5f7d97098a6c","hash":"166629cda8fef6b5669d6571a139a581135b79bb"}
,"D:\\GitHub\\@saeris\\graphql-scalars\\src\\unsignedFloat.js": {"path":"D:\\GitHub\\@saeris\\graphql-scalars\\src\\unsignedFloat.js","statementMap":{"0":{"start":{"line":6,"column":17},"end":{"line":13,"column":1}},"1":{"start":{"line":7,"column":2},"end":{"line":7,"column":116}},"2":{"start":{"line":8,"column":2},"end":{"line":8,"column":94}},"3":{"start":{"line":9,"column":17},"end":{"line":9,"column":34}},"4":{"start":{"line":10,"column":2},"end":{"line":10,"column":105}},"5":{"start":{"line":11,"column":2},"end":{"line":11,"column":119}},"6":{"start":{"line":12,"column":2},"end":{"line":12,"column":15}},"7":{"start":{"line":15,"column":35},"end":{"line":15,"column":57}},"8":{"start":{"line":17,"column":29},"end":{"line":39,"column":2}},"9":{"start":{"line":23,"column":4},"end":{"line":23,"column":26}},"10":{"start":{"line":27,"column":4},"end":{"line":27,"column":26}},"11":{"start":{"line":31,"column":4},"end":{"line":35,"column":5}},"12":{"start":{"line":32,"column":6},"end":{"line":34,"column":7}},"13":{"start":{"line":37,"column":4},"end":{"line":37,"column":26}}},"fnMap":{"0":{"name":"(anonymous_0)","decl":{"start":{"line":6,"column":17},"end":{"line":6,"column":18}},"loc":{"start":{"line":6,"column":26},"end":{"line":13,"column":1}},"line":6}},"branchMap":{"0":{"loc":{"start":{"line":31,"column":4},"end":{"line":35,"column":5}},"type":"if","locations":[{"start":{"line":31,"column":4},"end":{"line":35,"column":5}},{"start":{"line":31,"column":4},"end":{"line":35,"column":5}}],"line":31}},"s":{"0":15,"1":29,"2":26,"3":18,"4":18,"5":12,"6":12,"7":15,"8":15,"9":11,"10":9,"11":11,"12":2,"13":9},"f":{"0":29},"b":{"0":[2,9]},"_coverageSchema":"332fd63041d2c1bcb487cc26dd0d5f7d97098a6c","hash":"1fba719adb754011343cec95fbf8a2c4048edfe7"}
,"D:\\GitHub\\@saeris\\graphql-scalars\\src\\unsignedInt.js": {"path":"D:\\GitHub\\@saeris\\graphql-scalars\\src\\unsignedInt.js","statementMap":{"0":{"start":{"line":6,"column":17},"end":{"line":15,"column":1}},"1":{"start":{"line":7,"column":2},"end":{"line":7,"column":116}},"2":{"start":{"line":8,"column":2},"end":{"line":8,"column":94}},"3":{"start":{"line":9,"column":17},"end":{"line":9,"column":36}},"4":{"start":{"line":10,"column":2},"end":{"line":10,"column":101}},"5":{"start":{"line":11,"column":2},"end":{"line":11,"column":97}},"6":{"start":{"line":12,"column":2},"end":{"line":12,"column":105}},"7":{"start":{"line":13,"column":2},"end":{"line":13,"column":114}},"8":{"start":{"line":14,"column":2},"end":{"line":14,"column":15}},"9":{"start":{"line":17,"column":33},"end":{"line":17,"column":53}},"10":{"start":{"line":19,"column":27},"end":{"line":39,"column":2}},"11":{"start":{"line":25,"column":4},"end":{"line":25,"column":26}},"12":{"start":{"line":29,"column":4},"end":{"line":29,"column":26}},"13":{"start":{"line":33,"column":4},"end":{"line":35,"column":5}},"14":{"start":{"line":34,"column":6},"end":{"line":34,"column":102}},"15":{"start":{"line":37,"column":4},"end":{"line":37,"column":26}}},"fnMap":{"0":{"name":"(anonymous_0)","decl":{"start":{"line":6,"column":17},"end":{"line":6,"column":18}},"loc":{"start":{"line":6,"column":26},"end":{"line":15,"column":1}},"line":6}},"branchMap":{"0":{"loc":{"start":{"line":33,"column":4},"end":{"line":35,"column":5}},"type":"if","locations":[{"start":{"line":33,"column":4},"end":{"line":35,"column":5}},{"start":{"line":33,"column":4},"end":{"line":35,"column":5}}],"line":33}},"s":{"0":15,"1":32,"2":29,"3":21,"4":21,"5":18,"6":18,"7":12,"8":12,"9":15,"10":15,"11":12,"12":10,"13":12,"14":2,"15":10},"f":{"0":32},"b":{"0":[2,10]},"_coverageSchema":"332fd63041d2c1bcb487cc26dd0d5f7d97098a6c","hash":"12eb9ab46ca83a4c8cbe87fbc219b2bc28200c89"}
,"D:\\GitHub\\@saeris\\graphql-scalars\\src\\url.js": {"path":"D:\\GitHub\\@saeris\\graphql-scalars\\src\\url.js","statementMap":{"0":{"start":{"line":6,"column":17},"end":{"line":10,"column":1}},"1":{"start":{"line":7,"column":2},"end":{"line":7,"column":81}},"2":{"start":{"line":8,"column":2},"end":{"line":8,"column":118}},"3":{"start":{"line":9,"column":2},"end":{"line":9,"column":14}},"4":{"start":{"line":12,"column":25},"end":{"line":12,"column":37}},"5":{"start":{"line":14,"column":19},"end":{"line":34,"column":2}},"6":{"start":{"line":20,"column":4},"end":{"line":20,"column":26}},"7":{"start":{"line":24,"column":4},"end":{"line":24,"column":26}},"8":{"start":{"line":28,"column":4},"end":{"line":30,"column":5}},"9":{"start":{"line":29,"column":6},"end":{"line":29,"column":84}},"10":{"start":{"line":32,"column":4},"end":{"line":32,"column":26}}},"fnMap":{"0":{"name":"(anonymous_0)","decl":{"start":{"line":6,"column":17},"end":{"line":6,"column":18}},"loc":{"start":{"line":6,"column":26},"end":{"line":10,"column":1}},"line":6}},"branchMap":{"0":{"loc":{"start":{"line":28,"column":4},"end":{"line":30,"column":5}},"type":"if","locations":[{"start":{"line":28,"column":4},"end":{"line":30,"column":5}},{"start":{"line":28,"column":4},"end":{"line":30,"column":5}}],"line":28}},"s":{"0":15,"1":17,"2":15,"3":12,"4":15,"5":15,"6":6,"7":6,"8":6,"9":1,"10":5},"f":{"0":17},"b":{"0":[1,5]},"_coverageSchema":"332fd63041d2c1bcb487cc26dd0d5f7d97098a6c","hash":"7660694d14dc92799d04b71bd9fc1023cf368ac7"}
}
