TN:
SF:D:\GitHub\@saeris\graphql-scalars\src\dateTime.js
FN:6,(anonymous_0)
FNF:1
FNH:1
FNDA:6,(anonymous_0)
DA:6,15
DA:7,6
DA:8,4
DA:11,15
DA:13,15
DA:19,3
DA:21,3
DA:23,2
DA:27,2
DA:29,2
DA:33,3
DA:34,1
DA:37,2
DA:39,2
DA:40,1
DA:43,1
LF:16
LH:16
BRDA:19,0,0,2
BRDA:19,0,1,1
BRDA:33,1,0,1
BRDA:33,1,1,2
BRDA:39,2,0,1
BRDA:39,2,1,1
BRF:6
BRH:6
end_of_record
TN:
SF:D:\GitHub\@saeris\graphql-scalars\src\emailAddress.js
FN:6,(anonymous_0)
FNF:1
FNH:1
FNDA:8,(anonymous_0)
DA:6,15
DA:7,8
DA:8,6
DA:9,3
DA:12,15
DA:14,15
DA:20,3
DA:24,3
DA:28,3
DA:29,1
DA:32,2
LF:11
LH:11
BRDA:28,0,0,1
BRDA:28,0,1,2
BRF:2
BRH:2
end_of_record
TN:
SF:D:\GitHub\@saeris\graphql-scalars\src\index.js
FNF:0
FNH:0
LF:0
LH:0
BRF:0
BRH:0
end_of_record
TN:
SF:D:\GitHub\@saeris\graphql-scalars\src\negativeFloat.js
FN:6,(anonymous_0)
FNF:1
FNH:1
FNDA:29,(anonymous_0)
DA:6,15
DA:7,29
DA:8,26
DA:9,18
DA:10,18
DA:11,6
DA:12,6
DA:15,15
DA:17,15
DA:23,11
DA:27,9
DA:31,11
DA:32,2
DA:37,9
LF:14
LH:14
BRDA:31,0,0,2
BRDA:31,0,1,9
BRF:2
BRH:2
end_of_record
TN:
SF:D:\GitHub\@saeris\graphql-scalars\src\negativeInt.js
FN:6,(anonymous_0)
FNF:1
FNH:1
FNDA:32,(anonymous_0)
DA:6,15
DA:7,32
DA:8,29
DA:9,21
DA:10,21
DA:11,18
DA:12,18
DA:13,6
DA:14,6
DA:17,15
DA:19,15
DA:25,12
DA:29,10
DA:33,12
DA:34,2
DA:37,10
LF:16
LH:16
BRDA:33,0,0,2
BRDA:33,0,1,10
BRF:2
BRH:2
end_of_record
TN:
SF:D:\GitHub\@saeris\graphql-scalars\src\nonPositiveFloat.js
FN:6,(anonymous_0)
FNF:1
FNH:1
FNDA:29,(anonymous_0)
DA:6,15
DA:7,29
DA:8,26
DA:9,18
DA:10,18
DA:11,12
DA:12,12
DA:15,15
DA:17,15
DA:23,11
DA:27,9
DA:31,11
DA:32,2
DA:37,9
LF:14
LH:14
BRDA:31,0,0,2
BRDA:31,0,1,9
BRF:2
BRH:2
end_of_record
TN:
SF:D:\GitHub\@saeris\graphql-scalars\src\nonPositiveInt.js
FN:6,(anonymous_0)
FNF:1
FNH:1
FNDA:32,(anonymous_0)
DA:6,15
DA:7,32
DA:8,29
DA:9,21
DA:10,21
DA:11,18
DA:12,18
DA:13,12
DA:14,12
DA:17,15
DA:19,15
DA:25,12
DA:29,10
DA:33,12
DA:34,2
DA:37,10
LF:16
LH:16
BRDA:33,0,0,2
BRDA:33,0,1,10
BRF:2
BRH:2
end_of_record
TN:
SF:D:\GitHub\@saeris\graphql-scalars\src\phoneNumber.js
FN:6,(anonymous_0)
FNF:1
FNH:1
FNDA:17,(anonymous_0)
DA:6,15
DA:7,17
DA:8,15
DA:9,3
DA:12,15
DA:14,15
DA:20,6
DA:24,6
DA:28,6
DA:29,1
DA:32,5
LF:11
LH:11
BRDA:28,0,0,1
BRDA:28,0,1,5
BRF:2
BRH:2
end_of_record
TN:
SF:D:\GitHub\@saeris\graphql-scalars\src\positiveFloat.js
FN:6,(anonymous_0)
FNF:1
FNH:1
FNDA:29,(anonymous_0)
DA:6,15
DA:7,29
DA:8,26
DA:9,18
DA:10,18
DA:11,6
DA:12,6
DA:15,15
DA:17,15
DA:23,11
DA:27,9
DA:31,11
DA:32,2
DA:37,9
LF:14
LH:14
BRDA:31,0,0,2
BRDA:31,0,1,9
BRF:2
BRH:2
end_of_record
TN:
SF:D:\GitHub\@saeris\graphql-scalars\src\positiveInt.js
FN:6,(anonymous_0)
FNF:1
FNH:1
FNDA:32,(anonymous_0)
DA:6,15
DA:7,32
DA:8,29
DA:9,21
DA:10,21
DA:11,18
DA:12,18
DA:13,6
DA:14,6
DA:17,15
DA:19,15
DA:25,12
DA:29,10
DA:33,12
DA:34,2
DA:37,10
LF:16
LH:16
BRDA:33,0,0,2
BRDA:33,0,1,10
BRF:2
BRH:2
end_of_record
TN:
SF:D:\GitHub\@saeris\graphql-scalars\src\postalCode.js
FN:11,(anonymous_0)
FN:13,(anonymous_1)
FNF:2
FNH:2
FNDA:47,(anonymous_0)
FNDA:585,(anonymous_1)
DA:7,15
DA:9,15
DA:11,15
DA:12,47
DA:13,585
DA:14,42
DA:17,15
DA:19,15
DA:25,16
DA:29,16
DA:33,16
DA:34,1
DA:37,15
LF:13
LH:13
BRDA:33,0,0,1
BRDA:33,0,1,15
BRF:2
BRH:2
end_of_record
TN:
SF:D:\GitHub\@saeris\graphql-scalars\src\regularExpression.js
FN:6,(anonymous_0)
FN:7,(anonymous_1)
FNF:2
FNH:2
FNDA:1,(anonymous_0)
FNDA:8,(anonymous_1)
DA:6,15
DA:7,1
DA:8,8
DA:9,6
DA:10,3
DA:13,1
DA:21,3
DA:25,3
DA:29,3
DA:30,1
DA:33,2
LF:11
LH:11
BRDA:29,0,0,1
BRDA:29,0,1,2
BRF:2
BRH:2
end_of_record
TN:
SF:D:\GitHub\@saeris\graphql-scalars\src\unsignedFloat.js
FN:6,(anonymous_0)
FNF:1
FNH:1
FNDA:29,(anonymous_0)
DA:6,15
DA:7,29
DA:8,26
DA:9,18
DA:10,18
DA:11,12
DA:12,12
DA:15,15
DA:17,15
DA:23,11
DA:27,9
DA:31,11
DA:32,2
DA:37,9
LF:14
LH:14
BRDA:31,0,0,2
BRDA:31,0,1,9
BRF:2
BRH:2
end_of_record
TN:
SF:D:\GitHub\@saeris\graphql-scalars\src\unsignedInt.js
FN:6,(anonymous_0)
FNF:1
FNH:1
FNDA:32,(anonymous_0)
DA:6,15
DA:7,32
DA:8,29
DA:9,21
DA:10,21
DA:11,18
DA:12,18
DA:13,12
DA:14,12
DA:17,15
DA:19,15
DA:25,12
DA:29,10
DA:33,12
DA:34,2
DA:37,10
LF:16
LH:16
BRDA:33,0,0,2
BRDA:33,0,1,10
BRF:2
BRH:2
end_of_record
TN:
SF:D:\GitHub\@saeris\graphql-scalars\src\url.js
FN:6,(anonymous_0)
FNF:1
FNH:1
FNDA:17,(anonymous_0)
DA:6,15
DA:7,17
DA:8,15
DA:9,12
DA:12,15
DA:14,15
DA:20,6
DA:24,6
DA:28,6
DA:29,1
DA:32,5
LF:11
LH:11
BRDA:28,0,0,1
BRDA:28,0,1,5
BRF:2
BRH:2
end_of_record
